<?xml version="1.0" encoding="UTF-8"?>
<testng-results skipped="4" failed="0" total="8" passed="4">
  <reporter-output>
  </reporter-output>
  <suite name="smokeTest" duration-ms="89011" started-at="2016-05-09T08:15:09Z" finished-at="2016-05-09T08:16:38Z">
    <groups>
    </groups>
    <test name="parallelTest2" duration-ms="697" started-at="2016-05-09T08:15:09Z" finished-at="2016-05-09T08:15:09Z">
      <class name="myTests.TestSuite1">
        <test-method status="FAIL" signature="beforeMethod(java.lang.String)[pri:0, instance:myTests.TestSuite1@49e4cb85]" name="beforeMethod" is-config="true" duration-ms="0" started-at="2016-05-09T01:15:09Z" finished-at="2016-05-09T01:15:09Z">
          <params>
            <param index="0">
              <value>
                <![CDATA[chrome]]>
              </value>
            </param>
          </params>
          <exception class="org.openqa.selenium.WebDriverException">
            <message>
              <![CDATA[Error forwarding the new session cannot find : Capabilities [{browserName=chorme, version=, platform=WINDOWS}]
Command duration or timeout: 181 milliseconds
Build info: version: '2.53.0', revision: '35ae25b', time: '2016-03-15 16:57:40'
System info: host: 'AshaRakesh', ip: '10.0.0.6', os.name: 'Windows 10', os.arch: 'amd64', os.version: '10.0', java.version: '1.8.0_77'
Driver info: org.openqa.selenium.remote.RemoteWebDriver]]>
            </message>
            <full-stacktrace>
              <![CDATA[org.openqa.selenium.WebDriverException: Error forwarding the new session cannot find : Capabilities [{browserName=chorme, version=, platform=WINDOWS}]
Command duration or timeout: 181 milliseconds
Build info: version: '2.53.0', revision: '35ae25b', time: '2016-03-15 16:57:40'
System info: host: 'AshaRakesh', ip: '10.0.0.6', os.name: 'Windows 10', os.arch: 'amd64', os.version: '10.0', java.version: '1.8.0_77'
Driver info: org.openqa.selenium.remote.RemoteWebDriver
	at sun.reflect.NativeConstructorAccessorImpl.newInstance0(Native Method)
	at sun.reflect.NativeConstructorAccessorImpl.newInstance(Unknown Source)
	at sun.reflect.DelegatingConstructorAccessorImpl.newInstance(Unknown Source)
	at java.lang.reflect.Constructor.newInstance(Unknown Source)
	at org.openqa.selenium.remote.ErrorHandler.createThrowable(ErrorHandler.java:206)
	at org.openqa.selenium.remote.ErrorHandler.throwIfResponseFailed(ErrorHandler.java:158)
	at org.openqa.selenium.remote.RemoteWebDriver.execute(RemoteWebDriver.java:678)
	at org.openqa.selenium.remote.RemoteWebDriver.startSession(RemoteWebDriver.java:249)
	at org.openqa.selenium.remote.RemoteWebDriver.<init>(RemoteWebDriver.java:131)
	at org.openqa.selenium.remote.RemoteWebDriver.<init>(RemoteWebDriver.java:158)
	at myPackage.BaseTestCase.beforeMethod(BaseTestCase.java:41)
	at sun.reflect.NativeMethodAccessorImpl.invoke0(Native Method)
	at sun.reflect.NativeMethodAccessorImpl.invoke(Unknown Source)
	at sun.reflect.DelegatingMethodAccessorImpl.invoke(Unknown Source)
	at java.lang.reflect.Method.invoke(Unknown Source)
	at org.testng.internal.MethodInvocationHelper.invokeMethod(MethodInvocationHelper.java:85)
	at org.testng.internal.Invoker.invokeConfigurationMethod(Invoker.java:510)
	at org.testng.internal.Invoker.invokeConfigurations(Invoker.java:211)
	at org.testng.internal.Invoker.invokeMethod(Invoker.java:585)
	at org.testng.internal.Invoker.invokeTestMethod(Invoker.java:816)
	at org.testng.internal.Invoker.invokeTestMethods(Invoker.java:1124)
	at org.testng.internal.TestMethodWorker.invokeTestMethods(TestMethodWorker.java:125)
	at org.testng.internal.TestMethodWorker.run(TestMethodWorker.java:108)
	at org.testng.TestRunner.privateRun(TestRunner.java:774)
	at org.testng.TestRunner.run(TestRunner.java:624)
	at org.testng.SuiteRunner.runTest(SuiteRunner.java:359)
	at org.testng.SuiteRunner.access$000(SuiteRunner.java:39)
	at org.testng.SuiteRunner$SuiteWorker.run(SuiteRunner.java:393)
	at org.testng.internal.thread.ThreadUtil$2.call(ThreadUtil.java:64)
	at java.util.concurrent.FutureTask.run(Unknown Source)
	at java.util.concurrent.ThreadPoolExecutor.runWorker(Unknown Source)
	at java.util.concurrent.ThreadPoolExecutor$Worker.run(Unknown Source)
	at java.lang.Thread.run(Unknown Source)
Caused by: org.openqa.grid.common.exception.GridException: Error forwarding the new session cannot find : Capabilities [{browserName=chorme, version=, platform=WINDOWS}]
	at org.openqa.grid.web.servlet.handler.RequestHandler.process(RequestHandler.java:115)
	at org.openqa.grid.web.servlet.DriverServlet.process(DriverServlet.java:83)
	at org.openqa.grid.web.servlet.DriverServlet.doPost(DriverServlet.java:67)
	at javax.servlet.http.HttpServlet.service(HttpServlet.java:707)
	at javax.servlet.http.HttpServlet.service(HttpServlet.java:790)
	at org.seleniumhq.jetty9.servlet.ServletHolder.handle(ServletHolder.java:808)
	at org.seleniumhq.jetty9.servlet.ServletHandler.doHandle(ServletHandler.java:587)
	at org.seleniumhq.jetty9.server.session.SessionHandler.doHandle(SessionHandler.java:221)
	at org.seleniumhq.jetty9.server.handler.ContextHandler.doHandle(ContextHandler.java:1127)
	at org.seleniumhq.jetty9.servlet.ServletHandler.doScope(ServletHandler.java:515)
	at org.seleniumhq.jetty9.server.session.SessionHandler.doScope(SessionHandler.java:185)
	at org.seleniumhq.jetty9.server.handler.ContextHandler.doScope(ContextHandler.java:1061)
	at org.seleniumhq.jetty9.server.handler.ScopedHandler.handle(ScopedHandler.java:141)
	at org.seleniumhq.jetty9.server.handler.HandlerWrapper.handle(HandlerWrapper.java:97)
	at org.seleniumhq.jetty9.server.Server.handle(Server.java:499)
	at org.seleniumhq.jetty9.server.HttpChannel.handle(HttpChannel.java:310)
	at org.seleniumhq.jetty9.server.HttpConnection.onFillable(HttpConnection.java:257)
	at org.seleniumhq.jetty9.io.AbstractConnection$2.run(AbstractConnection.java:540)
	at org.seleniumhq.jetty9.util.thread.QueuedThreadPool.runJob(QueuedThreadPool.java:635)
	at org.seleniumhq.jetty9.util.thread.QueuedThreadPool$3.run(QueuedThreadPool.java:555)
	... 1 more
]]>
            </full-stacktrace>
          </exception> <!-- org.openqa.selenium.WebDriverException -->
          <reporter-output>
          </reporter-output>
        </test-method> <!-- beforeMethod -->
        <test-method status="SKIP" signature="SecondTest()[pri:0, instance:myTests.TestSuite1@49e4cb85]" name="SecondTest" duration-ms="1" started-at="2016-05-09T01:15:09Z" finished-at="2016-05-09T01:15:09Z">
          <reporter-output>
          </reporter-output>
        </test-method> <!-- SecondTest -->
        <test-method status="SKIP" signature="afterMethod()[pri:0, instance:myTests.TestSuite1@49e4cb85]" name="afterMethod" is-config="true" duration-ms="0" started-at="2016-05-09T01:15:09Z" finished-at="2016-05-09T01:15:09Z">
          <reporter-output>
          </reporter-output>
        </test-method> <!-- afterMethod -->
        <test-method status="SKIP" signature="beforeMethod(java.lang.String)[pri:0, instance:myTests.TestSuite1@49e4cb85]" name="beforeMethod" is-config="true" duration-ms="0" started-at="2016-05-09T01:15:09Z" finished-at="2016-05-09T01:15:09Z">
          <reporter-output>
          </reporter-output>
        </test-method> <!-- beforeMethod -->
        <test-method status="SKIP" signature="firstTest()[pri:0, instance:myTests.TestSuite1@49e4cb85]" name="firstTest" duration-ms="1" started-at="2016-05-09T01:15:09Z" finished-at="2016-05-09T01:15:09Z">
          <reporter-output>
          </reporter-output>
        </test-method> <!-- firstTest -->
        <test-method status="SKIP" signature="afterMethod()[pri:0, instance:myTests.TestSuite1@49e4cb85]" name="afterMethod" is-config="true" duration-ms="0" started-at="2016-05-09T01:15:09Z" finished-at="2016-05-09T01:15:09Z">
          <reporter-output>
          </reporter-output>
        </test-method> <!-- afterMethod -->
        <test-method status="SKIP" signature="beforeMethod(java.lang.String)[pri:0, instance:myTests.TestSuite1@49e4cb85]" name="beforeMethod" is-config="true" duration-ms="0" started-at="2016-05-09T01:15:09Z" finished-at="2016-05-09T01:15:09Z">
          <reporter-output>
          </reporter-output>
        </test-method> <!-- beforeMethod -->
        <test-method status="SKIP" signature="fourthTest()[pri:0, instance:myTests.TestSuite1@49e4cb85]" name="fourthTest" duration-ms="2" started-at="2016-05-09T01:15:09Z" finished-at="2016-05-09T01:15:09Z">
          <reporter-output>
          </reporter-output>
        </test-method> <!-- fourthTest -->
        <test-method status="SKIP" signature="afterMethod()[pri:0, instance:myTests.TestSuite1@49e4cb85]" name="afterMethod" is-config="true" duration-ms="0" started-at="2016-05-09T01:15:09Z" finished-at="2016-05-09T01:15:09Z">
          <reporter-output>
          </reporter-output>
        </test-method> <!-- afterMethod -->
        <test-method status="SKIP" signature="beforeMethod(java.lang.String)[pri:0, instance:myTests.TestSuite1@49e4cb85]" name="beforeMethod" is-config="true" duration-ms="0" started-at="2016-05-09T01:15:09Z" finished-at="2016-05-09T01:15:09Z">
          <reporter-output>
          </reporter-output>
        </test-method> <!-- beforeMethod -->
        <test-method status="SKIP" signature="thirdTest()[pri:0, instance:myTests.TestSuite1@49e4cb85]" name="thirdTest" duration-ms="1" started-at="2016-05-09T01:15:09Z" finished-at="2016-05-09T01:15:09Z">
          <reporter-output>
          </reporter-output>
        </test-method> <!-- thirdTest -->
        <test-method status="SKIP" signature="afterMethod()[pri:0, instance:myTests.TestSuite1@49e4cb85]" name="afterMethod" is-config="true" duration-ms="0" started-at="2016-05-09T01:15:09Z" finished-at="2016-05-09T01:15:09Z">
          <reporter-output>
          </reporter-output>
        </test-method> <!-- afterMethod -->
      </class> <!-- myTests.TestSuite1 -->
    </test> <!-- parallelTest2 -->
    <test name="parallelTest" duration-ms="89011" started-at="2016-05-09T08:15:09Z" finished-at="2016-05-09T08:16:38Z">
      <class name="myTests.TestSuite1">
        <test-method status="PASS" signature="beforeMethod(java.lang.String)[pri:0, instance:myTests.TestSuite1@3f0ee7cb]" name="beforeMethod" is-config="true" duration-ms="7737" started-at="2016-05-09T01:15:09Z" finished-at="2016-05-09T01:15:16Z">
          <params>
            <param index="0">
              <value>
                <![CDATA[firefox]]>
              </value>
            </param>
          </params>
          <reporter-output>
          </reporter-output>
        </test-method> <!-- beforeMethod -->
        <test-method status="PASS" signature="SecondTest()[pri:0, instance:myTests.TestSuite1@3f0ee7cb]" name="SecondTest" duration-ms="15316" started-at="2016-05-09T01:15:16Z" finished-at="2016-05-09T01:15:32Z">
          <reporter-output>
          </reporter-output>
        </test-method> <!-- SecondTest -->
        <test-method status="PASS" signature="afterMethod()[pri:0, instance:myTests.TestSuite1@3f0ee7cb]" name="afterMethod" is-config="true" duration-ms="997" started-at="2016-05-09T01:15:32Z" finished-at="2016-05-09T01:15:33Z">
          <reporter-output>
          </reporter-output>
        </test-method> <!-- afterMethod -->
        <test-method status="PASS" signature="beforeMethod(java.lang.String)[pri:0, instance:myTests.TestSuite1@3f0ee7cb]" name="beforeMethod" is-config="true" duration-ms="6151" started-at="2016-05-09T01:15:33Z" finished-at="2016-05-09T01:15:39Z">
          <params>
            <param index="0">
              <value>
                <![CDATA[firefox]]>
              </value>
            </param>
          </params>
          <reporter-output>
          </reporter-output>
        </test-method> <!-- beforeMethod -->
        <test-method status="PASS" signature="firstTest()[pri:0, instance:myTests.TestSuite1@3f0ee7cb]" name="firstTest" duration-ms="15678" started-at="2016-05-09T01:15:39Z" finished-at="2016-05-09T01:15:54Z">
          <reporter-output>
          </reporter-output>
        </test-method> <!-- firstTest -->
        <test-method status="PASS" signature="afterMethod()[pri:0, instance:myTests.TestSuite1@3f0ee7cb]" name="afterMethod" is-config="true" duration-ms="647" started-at="2016-05-09T01:15:54Z" finished-at="2016-05-09T01:15:55Z">
          <reporter-output>
          </reporter-output>
        </test-method> <!-- afterMethod -->
        <test-method status="PASS" signature="beforeMethod(java.lang.String)[pri:0, instance:myTests.TestSuite1@3f0ee7cb]" name="beforeMethod" is-config="true" duration-ms="5818" started-at="2016-05-09T01:15:55Z" finished-at="2016-05-09T01:16:01Z">
          <params>
            <param index="0">
              <value>
                <![CDATA[firefox]]>
              </value>
            </param>
          </params>
          <reporter-output>
          </reporter-output>
        </test-method> <!-- beforeMethod -->
        <test-method status="PASS" signature="fourthTest()[pri:0, instance:myTests.TestSuite1@3f0ee7cb]" name="fourthTest" duration-ms="14631" started-at="2016-05-09T01:16:01Z" finished-at="2016-05-09T01:16:16Z">
          <reporter-output>
          </reporter-output>
        </test-method> <!-- fourthTest -->
        <test-method status="PASS" signature="afterMethod()[pri:0, instance:myTests.TestSuite1@3f0ee7cb]" name="afterMethod" is-config="true" duration-ms="592" started-at="2016-05-09T01:16:16Z" finished-at="2016-05-09T01:16:16Z">
          <reporter-output>
          </reporter-output>
        </test-method> <!-- afterMethod -->
        <test-method status="PASS" signature="beforeMethod(java.lang.String)[pri:0, instance:myTests.TestSuite1@3f0ee7cb]" name="beforeMethod" is-config="true" duration-ms="5707" started-at="2016-05-09T01:16:16Z" finished-at="2016-05-09T01:16:22Z">
          <params>
            <param index="0">
              <value>
                <![CDATA[firefox]]>
              </value>
            </param>
          </params>
          <reporter-output>
          </reporter-output>
        </test-method> <!-- beforeMethod -->
        <test-method status="PASS" signature="thirdTest()[pri:0, instance:myTests.TestSuite1@3f0ee7cb]" name="thirdTest" duration-ms="15082" started-at="2016-05-09T01:16:22Z" finished-at="2016-05-09T01:16:37Z">
          <reporter-output>
          </reporter-output>
        </test-method> <!-- thirdTest -->
        <test-method status="PASS" signature="afterMethod()[pri:0, instance:myTests.TestSuite1@3f0ee7cb]" name="afterMethod" is-config="true" duration-ms="633" started-at="2016-05-09T01:16:37Z" finished-at="2016-05-09T01:16:38Z">
          <reporter-output>
          </reporter-output>
        </test-method> <!-- afterMethod -->
      </class> <!-- myTests.TestSuite1 -->
    </test> <!-- parallelTest -->
  </suite> <!-- smokeTest -->
</testng-results>
